<?xml version="1.0" encoding="UTF-8"?>
<!-- Generated by org.testng.reporters.JUnitReportReporter -->
<testsuite skipped="0" hostname="HIGURL60274" name="tests.Facebook_LoginTest_usingreadconfig" tests="1" failures="0" timestamp="10 Jul 2020 12:40:31 GMT" time="3.822" errors="0">
  <testcase name="loginpage" time="3.822" classname="tests.Facebook_LoginTest_usingreadconfig"/>
</testsuite> <!-- tests.Facebook_LoginTest_usingreadconfig -->
