<?xml version="1.0" encoding="UTF-8"?>
<!-- Generated by org.testng.reporters.JUnitReportReporter -->
<testsuite skipped="0" hostname="HIGURL60274" name="tests.FileUploadusingRobotclass" tests="1" failures="0" timestamp="14 Jul 2020 13:00:07 GMT" time="44.361" errors="0">
  <testcase name="uploadfile" time="44.361" classname="tests.FileUploadusingRobotclass"/>
</testsuite> <!-- tests.FileUploadusingRobotclass -->
