<?xml version="1.0" encoding="UTF-8"?>
<!-- Generated by org.testng.reporters.JUnitReportReporter -->
<testsuite skipped="0" hostname="HIGURL60274" name="tests.Gmail_LoginTest" tests="1" failures="0" timestamp="09 Jul 2020 12:01:28 GMT" time="9.224" errors="0">
  <testcase name="loginpage" time="9.224" classname="tests.Gmail_LoginTest"/>
</testsuite> <!-- tests.Gmail_LoginTest -->
